This is pdfTeX, Version 3.1415926-2.3-1.40.12 (MiKTeX 2.9) (preloaded format=pdflatex 2019.2.15)  26 FEB 2019 17:34
entering extended mode
**F:/Msc*Work/Project*Docu/Report/1st*report/1st*report.tex
("F:/Msc Work/Project Docu/Report/1st report/1st report.tex"
LaTeX2e <2011/06/27>
Babel <v3.8m> and hyphenation patterns for loaded.
(F:\CTEX\MiKTeX\tex\latex\base\article.cls
Document Class: article 2007/10/19 v1.4h Standard LaTeX document class
(F:\CTEX\MiKTeX\tex\latex\base\size12.clo
File: size12.clo 2007/10/19 v1.4h Standard LaTeX file (size option)
)
\c@part=\count79
\c@section=\count80
\c@subsection=\count81
\c@subsubsection=\count82
\c@paragraph=\count83
\c@subparagraph=\count84
\c@figure=\count85
\c@table=\count86
\abovecaptionskip=\skip41
\belowcaptionskip=\skip42
\bibindent=\dimen102
)
(F:\CTEX\MiKTeX\tex\latex\ams\math\amsmath.sty
Package: amsmath 2000/07/18 v2.13 AMS math features
\@mathmargin=\skip43

For additional information on amsmath, use the `?' option.
(F:\CTEX\MiKTeX\tex\latex\ams\math\amstext.sty
Package: amstext 2000/06/29 v2.01

(F:\CTEX\MiKTeX\tex\latex\ams\math\amsgen.sty
File: amsgen.sty 1999/11/30 v2.0
\@emptytoks=\toks14
\ex@=\dimen103
))
(F:\CTEX\MiKTeX\tex\latex\ams\math\amsbsy.sty
Package: amsbsy 1999/11/29 v1.2d
\pmbraise@=\dimen104
)
(F:\CTEX\MiKTeX\tex\latex\ams\math\amsopn.sty
Package: amsopn 1999/12/14 v2.01 operator names
)
\inf@bad=\count87
LaTeX Info: Redefining \frac on input line 211.
\uproot@=\count88
\leftroot@=\count89
LaTeX Info: Redefining \overline on input line 307.
\classnum@=\count90
\DOTSCASE@=\count91
LaTeX Info: Redefining \ldots on input line 379.
LaTeX Info: Redefining \dots on input line 382.
LaTeX Info: Redefining \cdots on input line 467.
\Mathstrutbox@=\box26
\strutbox@=\box27
\big@size=\dimen105
LaTeX Font Info:    Redeclaring font encoding OML on input line 567.
LaTeX Font Info:    Redeclaring font encoding OMS on input line 568.
\macc@depth=\count92
\c@MaxMatrixCols=\count93
\dotsspace@=\muskip10
\c@parentequation=\count94
\dspbrk@lvl=\count95
\tag@help=\toks15
\row@=\count96
\column@=\count97
\maxfields@=\count98
\andhelp@=\toks16
\eqnshift@=\dimen106
\alignsep@=\dimen107
\tagshift@=\dimen108
\tagwidth@=\dimen109
\totwidth@=\dimen110
\lineht@=\dimen111
\@envbody=\toks17
\multlinegap=\skip44
\multlinetaggap=\skip45
\mathdisplay@stack=\toks18
LaTeX Info: Redefining \[ on input line 2666.
LaTeX Info: Redefining \] on input line 2667.
)
(F:\CTEX\MiKTeX\tex\latex\tools\enumerate.sty
Package: enumerate 1999/03/05 v3.00 enumerate extensions (DPC)
\@enLab=\toks19
)
("F:\Msc Work\Project Docu\Report\1st report\1st report.aux")
LaTeX Font Info:    Checking defaults for OML/cmm/m/it on input line 4.
LaTeX Font Info:    ... okay on input line 4.
LaTeX Font Info:    Checking defaults for T1/cmr/m/n on input line 4.
LaTeX Font Info:    ... okay on input line 4.
LaTeX Font Info:    Checking defaults for OT1/cmr/m/n on input line 4.
LaTeX Font Info:    ... okay on input line 4.
LaTeX Font Info:    Checking defaults for OMS/cmsy/m/n on input line 4.
LaTeX Font Info:    ... okay on input line 4.
LaTeX Font Info:    Checking defaults for OMX/cmex/m/n on input line 4.
LaTeX Font Info:    ... okay on input line 4.
LaTeX Font Info:    Checking defaults for U/cmr/m/n on input line 4.
LaTeX Font Info:    ... okay on input line 4.
Missing character: There is no ï in font cmr10!
Missing character: There is no ¼ in font cmr10!
Missing character: There is no Œ in font cmr10!

("F:\Msc Work\Project Docu\Report\1st report\1st report.toc")
\tf@toc=\write3
 [1

{F:/CTEX/UserData/pdftex/config/pdftex.map{Unicode.sfd}{UGBK.sfd}}]
Underfull \hbox (badness 10000) in paragraph at lines 23--24

 []


Underfull \hbox (badness 10000) in paragraph at lines 25--26

 []

[2]
Underfull \hbox (badness 10000) in paragraph at lines 49--50

 []

Missing character: There is no â in font cmr12!
Missing character: There is no € in font cmr12!
Missing character: There is no ™ in font cmr12!

Underfull \hbox (badness 10000) in paragraph at lines 61--62

 []

[3]
Missing character: There is no â in font cmr12!
Missing character: There is no € in font cmr12!
Missing character: There is no ¦ in font cmr12!
 [4]
Missing character: There is no â in font cmr12!
Missing character: There is no € in font cmr12!
Missing character: There is no ˜ in font cmr12!
Missing character: There is no â in font cmr12!
Missing character: There is no € in font cmr12!
Missing character: There is no ™ in font cmr12!
Missing character: There is no â in font cmr12!
Missing character: There is no € in font cmr12!
Missing character: There is no ˜ in font cmr12!

Overfull \hbox (3.75146pt too wide) in paragraph at lines 112--114
[]\OT1/cmr/m/n/12 Through the com-bi-na-tion of per-mu-ta-tion-s which come fro
m dis-tinc-t group-
 []

[5]
Underfull \hbox (badness 10000) in paragraph at lines 132--133

 []


Underfull \hbox (badness 10000) in paragraph at lines 140--158

 []

[6]
Underfull \hbox (badness 10000) in paragraph at lines 163--180

 []

[7] [8]
Underfull \hbox (badness 10000) in paragraph at lines 216--217

 []


Underfull \hbox (badness 10000) in paragraph at lines 221--222

 []


Underfull \hbox (badness 10000) in paragraph at lines 227--228

 []


Underfull \hbox (badness 10000) in paragraph at lines 235--236

 []


Overfull \hbox (4.7156pt too wide) in paragraph at lines 240--242
\OT1/cmr/m/n/12 Currently, the re-search-es on three MOL-S prob-lem is aimed to
 i-den-ti-fy $\OML/cmm/m/it/12 N\OT1/cmr/m/n/12 (10) \OMS/cmsy/m/n/12 $
 []

[9]
Overfull \hbox (42.14932pt too wide) detected at line 252
[]
 []

[10]
Overfull \hbox (6.99144pt too wide) in paragraph at lines 285--316
[][] 
 []


Underfull \hbox (badness 10000) in paragraph at lines 285--316

 []

[11] [12]
Missing character: There is no Ã in font cmr12!
Missing character: There is no © in font cmr12!
Missing character: There is no Ã in font cmr12!
Missing character: There is no © in font cmr12!
Missing character: There is no Ã in font cmr12!
Missing character: There is no — in font cmr12!
 [13] ("F:\Msc Work\Project Docu\Report\1st report\1st report.aux") ) 
Here is how much of TeX's memory you used:
 880 strings out of 495354
 9887 string characters out of 3183859
 72411 words of memory out of 3000000
 4097 multiletter control sequences out of 15000+200000
 10541 words of font info for 38 fonts, out of 3000000 for 9000
 14 hyphenation exceptions out of 8191
 27i,9n,20p,947b,240s stack positions out of 5000i,500n,10000p,200000b,50000s
<F:/CTEX/M
iKTeX/fonts/type1/public/amsfonts/cm/cmbx10.pfb><F:/CTEX/MiKTeX/fonts/type1/pub
lic/amsfonts/cm/cmbx12.pfb><F:/CTEX/MiKTeX/fonts/type1/public/amsfonts/cm/cmex1
0.pfb><F:/CTEX/MiKTeX/fonts/type1/public/amsfonts/cm/cmmi12.pfb><F:/CTEX/MiKTeX
/fonts/type1/public/amsfonts/cm/cmmi8.pfb><F:/CTEX/MiKTeX/fonts/type1/public/am
sfonts/cm/cmr10.pfb><F:/CTEX/MiKTeX/fonts/type1/public/amsfonts/cm/cmr12.pfb><F
:/CTEX/MiKTeX/fonts/type1/public/amsfonts/cm/cmr17.pfb><F:/CTEX/MiKTeX/fonts/ty
pe1/public/amsfonts/cm/cmr8.pfb><F:/CTEX/MiKTeX/fonts/type1/public/amsfonts/cm/
cmsy10.pfb><F:/CTEX/MiKTeX/fonts/type1/public/amsfonts/cm/cmsy8.pfb>
Output written on "1st report.pdf" (13 pages, 167382 bytes).
PDF statistics:
 89 PDF objects out of 1000 (max. 8388607)
 0 named destinations out of 1000 (max. 500000)
 1 words of extra memory for PDF output out of 10000 (max. 10000000)

